1730904487909|11|statement|select * from information_schema.sequences
1730904487955|16|statement|     create table users (         users_id bigint generated by default as identity,         age integer,         email varchar(255) not null,         interests varchar(255),         password varchar(255) not null,         pseudo varchar(255) not null,         primary key (users_id)     )
1730904487960|2|statement|     alter table if exists users         drop constraint if exists UK6dotkott2kjsp8vw4d0m25fb7
1730904487964|1|statement|     alter table if exists users         add constraint UK6dotkott2kjsp8vw4d0m25fb7 unique (email)
1730904487965|0|statement|     alter table if exists users         drop constraint if exists UKr9i2upm423j62a0neosbc8ucq
1730904487968|1|statement|     alter table if exists users         add constraint UKr9i2upm423j62a0neosbc8ucq unique (pseudo)
1730904571793|8|statement|select * from information_schema.sequences
1730904837607|8|statement|select * from information_schema.sequences
1730905057864|8|statement|select * from information_schema.sequences
1730905232745|8|statement|select * from information_schema.sequences
1730905718398|9|statement|select * from information_schema.sequences
1730906170984|8|statement|select * from information_schema.sequences
1730906178391|0|rollback|
1730906454259|7|statement|select * from information_schema.sequences
1730906466026|8|statement|insert into users (age,email,interests,password,pseudo) values (25,'test@example.com','Music, Sports','$2a$10$VbgwwoC4rVwSdQTs9RAsR.urWgl24acfeQY6HUX.8cETtyLv4RCu.','TestUser') returning users_id
1730906466065|1|commit|
1730907355024|8|statement|select * from information_schema.sequences
1730907404218|2|statement|insert into users (age,email,interests,password,pseudo) values (30,'faiza@example.com','Music, Jeux Video','$2a$10$xi.5PmrmmDoMmmI2s7HU6.0AOdpYxSkjOjVA5T9dv7EyiDQCV111e','faiza') returning users_id
1730907404261|2|commit|
1730968316413|33|statement|select * from information_schema.sequences
1730975591195|8|statement|select * from information_schema.sequences
1730975591263|43|statement|     create table locations (         id bigint generated by default as identity,         address varchar(255),         city varchar(255) not null,         user_id bigint,         primary key (id)     )
1730975591269|3|statement|     alter table if exists locations         drop constraint if exists UKqv3skfrw64w7e7b367ea514yp
1730975591271|1|statement|     alter table if exists locations         add constraint UKqv3skfrw64w7e7b367ea514yp unique (user_id)
1730975591288|2|statement|     create index idx_user_email         on users (email)
1730975591295|6|statement|     alter table if exists locations         add constraint FKdmtxqhxbtg4qt8q6u01hxj52i         foreign key (user_id)         references users
1730975691972|0|statement|select l1_0.id,l1_0.address,l1_0.city,l1_0.user_id from locations l1_0 where l1_0.user_id=2
1730975692003|1|statement|select u1_0.users_id,u1_0.age,u1_0.email,u1_0.interests,u1_0.password,u1_0.pseudo from users u1_0 where u1_0.users_id=2
1730975692011|0|statement|select l1_0.id,l1_0.address,l1_0.city,l1_0.user_id from locations l1_0 where l1_0.user_id=2
1730975692019|1|commit|
1730975692049|6|statement|insert into locations (address,city,user_id) values (NULL,'Paris',2) returning id
1730975692067|0|commit|
1730975954271|0|statement|select l1_0.city from locations l1_0 where l1_0.user_id=2
1730976161524|8|statement|select * from information_schema.sequences
1730976161575|0|statement|select * from "public"."users" where 1=0
1730976190224|1|statement|select l1_0.id,l1_0.address,l1_0.city,l1_0.user_id from locations l1_0 where l1_0.user_id=2
1730976190267|1|statement|select u1_0.users_id,u1_0.age,u1_0.email,u1_0.interests,u1_0.password,u1_0.pseudo from users u1_0 where u1_0.users_id=2
1730976190278|1|statement|select l1_0.id,l1_0.address,l1_0.city,l1_0.user_id from locations l1_0 where l1_0.user_id=2
1730976190282|1|commit|
1730976190322|6|statement|update locations set address=NULL,city='Lyon',user_id=2 where id=1
1730976190325|1|commit|
1730976209597|0|statement|select l1_0.city from locations l1_0 where l1_0.user_id=2
1730976455511|7|statement|select * from information_schema.sequences
1730976455553|0|statement|select * from "public"."users" where 1=0
1730976464263|1|statement|select u1_0.users_id,u1_0.age,u1_0.email,u1_0.interests,u1_0.password,u1_0.pseudo from users u1_0 where u1_0.users_id=2
1730976464269|0|statement|select l1_0.id,l1_0.address,l1_0.city,l1_0.user_id from locations l1_0 where l1_0.user_id=2
1730976464277|0|commit|
1730976470772|0|statement|select u1_0.users_id,u1_0.age,u1_0.email,u1_0.interests,u1_0.password,u1_0.pseudo from users u1_0 where u1_0.users_id=2
1730976470773|0|statement|select l1_0.id,l1_0.address,l1_0.city,l1_0.user_id from locations l1_0 where l1_0.user_id=2
1730976470797|0|statement|delete from locations where id=1
1730976470799|0|statement|delete from users where users_id=2
1730976470801|0|commit|
1730976477500|0|statement|select u1_0.users_id,u1_0.age,u1_0.email,u1_0.interests,u1_0.password,u1_0.pseudo from users u1_0 where u1_0.users_id=2
1730976477501|0|commit|
1730976486703|0|statement|select l1_0.city from locations l1_0 where l1_0.user_id=2
1730976499513|4|statement|insert into users (age,email,interests,password,pseudo) values (30,'faiza@example.com','Music, Jeux Video','$2a$10$a5jL7KKDJupK6W5yZ64LwOx3BlVMOP1dfHIfXiaoy5xc0Nl7UR.LS','faiza') returning users_id
1730976499523|0|commit|
1730976513188|0|statement|select l1_0.city from locations l1_0 where l1_0.user_id=3
1730976544373|0|statement|select l1_0.id,l1_0.address,l1_0.city,l1_0.user_id from locations l1_0 where l1_0.user_id=3
1730976544376|1|statement|select u1_0.users_id,u1_0.age,u1_0.email,u1_0.interests,u1_0.password,u1_0.pseudo from users u1_0 where u1_0.users_id=3
1730976544378|0|statement|select l1_0.id,l1_0.address,l1_0.city,l1_0.user_id from locations l1_0 where l1_0.user_id=3
1730976544379|0|commit|
1730976544382|0|statement|insert into locations (address,city,user_id) values (NULL,'Paris',3) returning id
1730976544383|0|commit|
1730976548440|0|statement|select l1_0.city from locations l1_0 where l1_0.user_id=3
1730976845637|8|statement|select * from information_schema.sequences
1730976845666|4|statement|     create index idx_location_city         on locations (city)
1730976845688|0|statement|select * from "public"."users" where 1=0
